<?xml version="1.0" encoding="UTF-8"?>
<testsuite name="steps.Runner" tests="0" skipped="0" failures="0" errors="0" timestamp="1970-01-01T00:00:00" hostname="DESKTOP-EUM" time="0.0">
  <properties/>
  <system-out><![CDATA[Feature: Consulta de precos

  Scenario: Consultar Ovo de Pascoa                         # Post.feature:2
    Given que acesso a Wikipedia                            # Post.queAcessoAWikipedia()
    When pesquiso palavra por "Ovo de Páscoa"               # Post.pesquisoPalavraPor(String)
    Then exibe a expressao "Ovo de Páscoa" no tiulo da guia # Post.exibeAExpressaoNoTiuloDaGuia(String)

1 Scenarios (1 skipped)
3 Steps (3 skipped)
0m0,000s

]]></system-out>
  <system-err><![CDATA[]]></system-err>
</testsuite>
