<?xml version="1.0" encoding="UTF-8"?>
<testsuite name="br.edu.gotasdetecnologia.simples.Artigo" tests="1" skipped="0" failures="0" errors="0" timestamp="2021-10-19T20:21:55" hostname="DESKTOP-EUM" time="20.477">
  <properties/>
  <testcase name="consultarArtigo" classname="br.edu.gotasdetecnologia.simples.Artigo" time="20.477"/>
  <system-out><![CDATA[]]></system-out>
  <system-err><![CDATA[1634674916798	geckodriver	INFO	Listening on 127.0.0.1:24309
1634674917344	mozrunner::runner	INFO	Running command: "C:\\Program Files\\Mozilla Firefox\\firefox.exe" "--marionette" "-foreground" "-no-remote" "-profile" "C:\\Users\\Everton\\AppData\\Local\\Temp\\rust_mozprofileSafRKQ"
1634674917908	Marionette	INFO	Marionette enabled
console.warn: SearchSettings: "get: No settings file exists, new profile?" (new NotFoundError("Could not open the file at C:\\Users\\Everton\\AppData\\Local\\Temp\\rust_mozprofileSafRKQ\\search.json.mozlz4", (void 0)))
1634674920539	Marionette	INFO	Listening on port 52943
1634674921026	RemoteAgent	WARN	TLS certificate errors will be ignored for this session
out 19, 2021 5:22:01 PM org.openqa.selenium.remote.ProtocolHandshake createSession
INFORMAÇÕES: Detected dialect: W3C
]]></system-err>
</testsuite>
