<?xml version="1.0" encoding="UTF-8"?>
<testsuite name="Scenario: Consultar Ovo de Pascoa" tests="4" skipped="3" failures="0" errors="0" timestamp="2021-10-19T20:30:04" hostname="DESKTOP-EUM" time="0.073">
  <properties/>
  <testcase name="Given que acesso a Wikipedia" classname="Scenario: Consultar Ovo de Pascoa" time="0.004">
    <skipped/>
  </testcase>
  <testcase name="When pesquiso palavra por &quot;Ovo de Páscoa&quot;" classname="Scenario: Consultar Ovo de Pascoa" time="0.0">
    <skipped/>
  </testcase>
  <testcase name="Then exibe a expressao &quot;Ovo de Páscoa&quot; no tiulo da guia" classname="Scenario: Consultar Ovo de Pascoa" time="0.001">
    <skipped/>
  </testcase>
  <testcase name="classMethod" classname="Scenario: Consultar Ovo de Pascoa" time="0.252"/>
  <system-out><![CDATA[]]></system-out>
  <system-err><![CDATA[]]></system-err>
</testsuite>
